

Microchip MPLAB XC8 Assembler V3.00 build 20241204225717 
                                                                                               Tue Jun 03 14:31:46 2025

Microchip MPLAB XC8 C Compiler v3.00 (Free license) build 20241204225717 Og1 
     1                           	processor	12F675
     2                           	pagewidth 120
     3                           	opt	flic
     4                           	psect	cinit,global,class=CODE,space=0,merge=1,delta=2
     5                           	psect	cstackBANK0,global,class=BANK0,space=1,delta=1,noexec
     6                           	psect	maintext,global,class=CODE,space=0,split=1,delta=2
     7                           	psect	config,global,abs,ovrld,class=CONFIG,space=4,delta=2,noexec
     8                           	dabs	1,0x5E,2
     9     0000                     
    10                           ; Generated 26/03/2025 GMT
    11                           ; 
    12                           ; Copyright © 2025, Microchip Technology Inc. and its subsidiaries ("Microchip")
    13                           ; All rights reserved.
    14                           ; 
    15                           ; This software is developed by Microchip Technology Inc. and its subsidiaries ("Microch
      +                          ip").
    16                           ; 
    17                           ; Redistribution and use in source and binary forms, with or without modification, are
    18                           ; permitted provided that the following conditions are met:
    19                           ; 
    20                           ;     1. Redistributions of source code must retain the above copyright notice, this lis
      +                          t of
    21                           ;        conditions and the following disclaimer.
    22                           ; 
    23                           ;     2. Redistributions in binary form must reproduce the above copyright notice, this 
      +                          list
    24                           ;        of conditions and the following disclaimer in the documentation and/or other
    25                           ;        materials provided with the distribution. Publication is not required when
    26                           ;        this file is used in an embedded application.
    27                           ; 
    28                           ;     3. Microchip's name may not be used to endorse or promote products derived from th
      +                          is
    29                           ;        software without specific prior written permission.
    30                           ; 
    31                           ; THIS SOFTWARE IS PROVIDED BY MICROCHIP "AS IS" AND ANY EXPRESS OR IMPLIED WARRANTIES,
    32                           ; INCLUDING, BUT NOT LIMITED TO, THE IMPLIED WARRANTIES OF MERCHANTABILITY AND FITNESS F
      +                          OR
    33                           ; PURPOSE ARE DISCLAIMED.  IN NO EVENT SHALL MICROCHIP BE LIABLE FOR ANY DIRECT, INDIREC
      +                          T,
    34                           ; INCIDENTAL, SPECIAL, EXEMPLARY, OR CONSEQUENTIAL DAMAGES (INCLUDING BUT NOT LIMITED TO
    35                           ; PROCUREMENT OF SUBSTITUTE GOODS OR SERVICES; LOSS OF USE, DATA OR PROFITS; OR BUSINESS
    36                           ; INTERRUPTION) HOWSOEVER CAUSED AND ON ANY THEORY OF LIABILITY, WHETHER IN CONTRACT, ST
      +                          RICT
    37                           ; LIABILITY, OR TORT (INCLUDING NEGLIGENCE OR OTHERWISE) ARISING IN ANY WAY OUT OF THE U
      +                          SE OF
    38                           ; THIS SOFTWARE, EVEN IF ADVISED OF THE POSSIBILITY OF SUCH DAMAGE.
    39                           ; 
    40                           ; 
    41                           ; Code-generator required, PIC12F675 Definitions
    42                           ; 
    43                           ; SFR Addresses
    44     0004                     fsr             equ	4
    45     0004                     fsr0            equ	4
    46     0000                     indf            equ	0
    47     0000                     indf0           equ	0
    48     0002                     pc              equ	2
    49     0002                     pcl             equ	2
    50     000A                     pclath          equ	10
    51     0003                     status          equ	3
    52     0000                     INDF            equ	0	;# 
    53     0001                     TMR0            equ	1	;# 
    54     0002                     PCL             equ	2	;# 
    55     0003                     STATUS          equ	3	;# 
    56     0004                     FSR             equ	4	;# 
    57     0005                     GPIO            equ	5	;# 
    58     000A                     PCLATH          equ	10	;# 
    59     000B                     INTCON          equ	11	;# 
    60     000C                     PIR1            equ	12	;# 
    61     000E                     TMR1            equ	14	;# 
    62     000E                     TMR1L           equ	14	;# 
    63     000F                     TMR1H           equ	15	;# 
    64     0010                     T1CON           equ	16	;# 
    65     0019                     CMCON           equ	25	;# 
    66     001E                     ADRESH          equ	30	;# 
    67     001F                     ADCON0          equ	31	;# 
    68     0081                     OPTION_REG      equ	129	;# 
    69     0085                     TRISIO          equ	133	;# 
    70     008C                     PIE1            equ	140	;# 
    71     008E                     PCON            equ	142	;# 
    72     0090                     OSCCAL          equ	144	;# 
    73     0095                     WPU             equ	149	;# 
    74     0096                     IOC             equ	150	;# 
    75     0096                     IOCB            equ	150	;# 
    76     0099                     VRCON           equ	153	;# 
    77     009A                     EEDATA          equ	154	;# 
    78     009A                     EEDAT           equ	154	;# 
    79     009B                     EEADR           equ	155	;# 
    80     009C                     EECON1          equ	156	;# 
    81     009D                     EECON2          equ	157	;# 
    82     009E                     ADRESL          equ	158	;# 
    83     009F                     ANSEL           equ	159	;# 
    84     0000                     INDF            equ	0	;# 
    85     0001                     TMR0            equ	1	;# 
    86     0002                     PCL             equ	2	;# 
    87     0003                     STATUS          equ	3	;# 
    88     0004                     FSR             equ	4	;# 
    89     0005                     GPIO            equ	5	;# 
    90     000A                     PCLATH          equ	10	;# 
    91     000B                     INTCON          equ	11	;# 
    92     000C                     PIR1            equ	12	;# 
    93     000E                     TMR1            equ	14	;# 
    94     000E                     TMR1L           equ	14	;# 
    95     000F                     TMR1H           equ	15	;# 
    96     0010                     T1CON           equ	16	;# 
    97     0019                     CMCON           equ	25	;# 
    98     001E                     ADRESH          equ	30	;# 
    99     001F                     ADCON0          equ	31	;# 
   100     0081                     OPTION_REG      equ	129	;# 
   101     0085                     TRISIO          equ	133	;# 
   102     008C                     PIE1            equ	140	;# 
   103     008E                     PCON            equ	142	;# 
   104     0090                     OSCCAL          equ	144	;# 
   105     0095                     WPU             equ	149	;# 
   106     0096                     IOC             equ	150	;# 
   107     0096                     IOCB            equ	150	;# 
   108     0099                     VRCON           equ	153	;# 
   109     009A                     EEDATA          equ	154	;# 
   110     009A                     EEDAT           equ	154	;# 
   111     009B                     EEADR           equ	155	;# 
   112     009C                     EECON1          equ	156	;# 
   113     009D                     EECON2          equ	157	;# 
   114     009E                     ADRESL          equ	158	;# 
   115     009F                     ANSEL           equ	159	;# 
   116     0005                     _GPIO           set	5
   117     0028                     _GPIO0          set	40
   118     0085                     _TRISIO         set	133
   119     009F                     _ANSEL          set	159
   120                           
   121                           	psect	cinit
   122     03FD                     start_initialization:	
   123                           ; #config settings
   124                           
   125     03FD                     __initialization:
   126     03FD                     end_of_initialization:	
   127                           ;End of C runtime variable initialization code
   128                           
   129     03FD                     __end_of__initialization:
   130     03FD  0183               	clrf	3
   131     03FE  2BA9               	ljmp	_main	;jump to C main() function
   132                           
   133                           	psect	cstackBANK0
   134     0020                     __pcstackBANK0:
   135     0020                     ?_main:
   136     0020                     ??_main:	
   137                           ; 1 bytes @ 0x0
   138                           
   139                           
   140                           ; 1 bytes @ 0x0
   141     0020                     	ds	3
   142                           
   143                           	psect	maintext
   144     03A9                     __pmaintext:	
   145 ;;
   146 ;;Main: autosize = 0, tempsize = 3, incstack = 0, save=0
   147 ;;
   148 ;; *************** function _main *****************
   149 ;; Defined at:
   150 ;;		line 11 in file "main.c"
   151 ;; Parameters:    Size  Location     Type
   152 ;;		None
   153 ;; Auto vars:     Size  Location     Type
   154 ;;		None
   155 ;; Return value:  Size  Location     Type
   156 ;;                  1    wreg      void 
   157 ;; Registers used:
   158 ;;		wreg, status,2, status,0
   159 ;; Tracked objects:
   160 ;;		On entry : B00/0
   161 ;;		On exit  : 0/0
   162 ;;		Unchanged: 0/0
   163 ;; Data sizes:     COMMON   BANK0
   164 ;;      Params:         0       0
   165 ;;      Locals:         0       0
   166 ;;      Temps:          0       3
   167 ;;      Totals:         0       3
   168 ;;Total ram usage:        3 bytes
   169 ;; This function calls:
   170 ;;		Nothing
   171 ;; This function is called by:
   172 ;;		Startup code after reset
   173 ;; This function uses a non-reentrant model
   174 ;;
   175                           
   176     03A9                     _main:	
   177                           ;psect for function _main
   178                           
   179     03A9                     l582:	
   180                           ;incstack = 0
   181                           ; Regs used in _main: [wreg+status,2+status,0]
   182                           
   183                           
   184                           ;main.c: 13:     ANSEL &= ~(1 << 0)|~(1 << 3);
   185     03A9  1683               	bsf	3,5	;RP0=1, select bank1
   186     03AA  081F               	movf	31,w	;volatile
   187     03AB                     l584:
   188                           
   189                           ;main.c: 15:     TRISIO &= ~(1 << 0);
   190     03AB  30FE               	movlw	254
   191     03AC  0585               	andwf	5,f	;volatile
   192     03AD                     l586:
   193                           
   194                           ;main.c: 16:     TRISIO |= (1 << 3);
   195     03AD  1585               	bsf	5,3	;volatile
   196     03AE                     l588:
   197                           
   198                           ;main.c: 17:     GPIO &= ~(1 << GPIO0);
   199     03AE  3001               	movlw	1
   200     03AF  1283               	bcf	3,5	;RP0=0, select bank0
   201     03B0  00A0               	movwf	??_main
   202     03B1  3000               	movlw	0
   203     03B2  1805               	btfsc	5,0	;volatile
   204     03B3  3001               	movlw	1
   205     03B4  3E01               	addlw	1
   206     03B5  2BB8               	goto	u54
   207     03B6                     u55:
   208     03B6  1003               	clrc
   209     03B7  0DA0               	rlf	??_main,f
   210     03B8                     u54:
   211     03B8  3EFF               	addlw	-1
   212     03B9  1D03               	skipz
   213     03BA  2BB6               	goto	u55
   214     03BB  0820               	movf	??_main,w
   215     03BC  3AFF               	xorlw	255
   216     03BD  0585               	andwf	5,f	;volatile
   217     03BE                     l590:
   218                           
   219                           ;main.c: 21:         if (GPIO & (1 << 3)) {
   220     03BE  1283               	bcf	3,5	;RP0=0, select bank0
   221     03BF  1D85               	btfss	5,3	;volatile
   222     03C0  2BC2               	goto	u61
   223     03C1  2BC3               	goto	u60
   224     03C2                     u61:
   225     03C2  2BAE               	goto	l588
   226     03C3                     u60:
   227     03C3                     l592:
   228                           
   229                           ;main.c: 23:          GPIO |= (1 << GPIO0);
   230     03C3  3001               	movlw	1
   231     03C4  00A0               	movwf	??_main
   232     03C5  3000               	movlw	0
   233     03C6  1805               	btfsc	5,0	;volatile
   234     03C7  3001               	movlw	1
   235     03C8  3E01               	addlw	1
   236     03C9  2BCC               	goto	u74
   237     03CA                     u75:
   238     03CA  1003               	clrc
   239     03CB  0DA0               	rlf	??_main,f
   240     03CC                     u74:
   241     03CC  3EFF               	addlw	-1
   242     03CD  1D03               	skipz
   243     03CE  2BCA               	goto	u75
   244     03CF  0820               	movf	??_main,w
   245     03D0  0485               	iorwf	5,f	;volatile
   246     03D1                     l594:
   247                           
   248                           ;main.c: 24:          _delay((unsigned long)((500)*(4000000/4000.0)));
   249     03D1  3003               	movlw	3
   250     03D2  00A2               	movwf	??_main+2
   251     03D3  308A               	movlw	138
   252     03D4  00A1               	movwf	??_main+1
   253     03D5  3055               	movlw	85
   254     03D6  00A0               	movwf	??_main
   255     03D7                     u97:
   256     03D7  0BA0               	decfsz	??_main,f
   257     03D8  2BD7               	goto	u97
   258     03D9  0BA1               	decfsz	??_main+1,f
   259     03DA  2BD7               	goto	u97
   260     03DB  0BA2               	decfsz	??_main+2,f
   261     03DC  2BD7               	goto	u97
   262     03DD  2BDE               	nop2
   263     03DE                     l596:
   264                           
   265                           ;main.c: 25:          GPIO &= ~(1 << GPIO0);
   266     03DE  3001               	movlw	1
   267     03DF  1283               	bcf	3,5	;RP0=0, select bank0
   268     03E0  00A0               	movwf	??_main
   269     03E1  3000               	movlw	0
   270     03E2  1805               	btfsc	5,0	;volatile
   271     03E3  3001               	movlw	1
   272     03E4  3E01               	addlw	1
   273     03E5  2BE8               	goto	u84
   274     03E6                     u85:
   275     03E6  1003               	clrc
   276     03E7  0DA0               	rlf	??_main,f
   277     03E8                     u84:
   278     03E8  3EFF               	addlw	-1
   279     03E9  1D03               	skipz
   280     03EA  2BE6               	goto	u85
   281     03EB  0820               	movf	??_main,w
   282     03EC  3AFF               	xorlw	255
   283     03ED  0585               	andwf	5,f	;volatile
   284                           
   285                           ;main.c: 26:          _delay((unsigned long)((500)*(4000000/4000.0)));
   286     03EE  3003               	movlw	3
   287     03EF  00A2               	movwf	??_main+2
   288     03F0  308A               	movlw	138
   289     03F1  00A1               	movwf	??_main+1
   290     03F2  3055               	movlw	85
   291     03F3  00A0               	movwf	??_main
   292     03F4                     u107:
   293     03F4  0BA0               	decfsz	??_main,f
   294     03F5  2BF4               	goto	u107
   295     03F6  0BA1               	decfsz	??_main+1,f
   296     03F7  2BF4               	goto	u107
   297     03F8  0BA2               	decfsz	??_main+2,f
   298     03F9  2BF4               	goto	u107
   299     03FA  2BFB               	nop2
   300                           
   301                           ;main.c: 28:         }else
   302     03FB  2BBE               	goto	l590
   303     03FC  2800               	ljmp	start
   304     03FD                     __end_of_main:
   305     0000                     ___latbits      equ	0
   306     005E                     btemp           set	94	;btemp
   307     005E                     wtemp0          set	94
   308                           
   309                           	psect	config
   310                           
   311                           ;Config register CONFIG @ 0x2007
   312                           ;	Oscillator Selection bits
   313                           ;	FOSC = INTRCIO, INTOSC oscillator: I/O function on GP4/OSC2/CLKOUT pin, I/O function o
      +                          n GP5/OSC1/CLKIN
   314                           ;	Watchdog Timer Enable bit
   315                           ;	WDTE = OFF, WDT disabled
   316                           ;	Power-Up Timer Enable bit
   317                           ;	PWRTE = ON, PWRT enabled
   318                           ;	GP3/MCLR pin function select
   319                           ;	MCLRE = OFF, GP3/MCLR pin function is digital I/O, MCLR internally tied to VDD
   320                           ;	Brown-out Detect Enable bit
   321                           ;	BOREN = OFF, BOD disabled
   322                           ;	Code Protection bit
   323                           ;	CP = OFF, Program Memory code protection is disabled
   324                           ;	Data Code Protection bit
   325                           ;	CPD = OFF, Data memory code protection is disabled
   326     2007                     	org	8199
   327     2007  3184               	dw	12676

Data Sizes:
    Strings     0
    Constant    0
    Data        0
    BSS         0
    Persistent  0
    Stack       0

Auto Spaces:
    Space          Size  Autos    Used
    COMMON            0      0       0
    BANK0            62      3       3

Pointer List with Targets:

    None.

Critical Paths under _main in COMMON

    None.

Critical Paths under _main in BANK0

    None.

Call Graph Tables:

 ---------------------------------------------------------------------------------
 (Depth) Function   	        Calls       Base Space   Used Autos Params    Refs
 ---------------------------------------------------------------------------------
 (0) _main                                                 3     3      0       0
                                              0 BANK0      3     3      0
 ---------------------------------------------------------------------------------
 Estimated maximum stack depth 0
 ---------------------------------------------------------------------------------

 Call Graph Graphs:

 _main (ROOT)

Address spaces:
Name               Size   Autos  Total    Usage
BITCOMMON            0      0       0      0.0%
BITBANK0            62      0       0      0.0%
COMMON               0      0       0      0.0%
BANK0               62      3       3      4.8%
STACK                0      0       0      0.0%
DATA                 0      0       3      0.0%


Microchip Technology PIC Macro Assembler V3.00 build 20241204225717 
Symbol Table                                                                                   Tue Jun 03 14:31:46 2025

                     u60 03C3                       u61 03C2                       u54 03B8  
                     u55 03B6                       u74 03CC                       u75 03CA  
                     u84 03E8                       u85 03E6                       u97 03D7  
                    l590 03BE                      l582 03A9                      l592 03C3  
                    l584 03AB                      l594 03D1                      l586 03AD  
                    l596 03DE                      l588 03AE                      u107 03F4  
                   _GPIO 0005                     _main 03A9                     btemp 005E  
                   start 0000                    ?_main 0020                    _ANSEL 009F  
                  _GPIO0 0028                    status 0003                    wtemp0 005E  
        __initialization 03FD             __end_of_main 03FD                   ??_main 0020  
                 _TRISIO 0085  __end_of__initialization 03FD               __pmaintext 03A9  
   end_of_initialization 03FD      start_initialization 03FD                ___latbits 0000  
          __pcstackBANK0 0020  
